This file contains any messages produced by compilers while
running configure, to aid debugging if configure makes a mistake.

It was created by PROJ.4 Projections configure 4.5.0, which was
generated by GNU Autoconf 2.59.  Invocation command line was

  $ ./configure CC=mpicc CFLAGS=-O3 CXX=mpicc CXXFLAGS=-O3 F77=mpif90 FFLAGS=-O3 --prefix=/libs/install

## --------- ##
## Platform. ##
## --------- ##

hostname = vm-hydra-smast.umdar.umassd.edu
uname -m = x86_64
uname -r = 6.3.5-1.el8.elrepo.x86_64
uname -s = Linux
uname -v = #1 SMP PREEMPT_DYNAMIC Tue May 30 15:48:02 EDT 2023

/usr/bin/uname -p = x86_64
/bin/uname -X     = unknown

/bin/arch              = x86_64
/usr/bin/arch -k       = unknown
/usr/convex/getsysinfo = unknown
hostinfo               = unknown
/bin/machine           = unknown
/usr/bin/oslevel       = unknown
/bin/universe          = unknown

PATH: /usr/local/share/petsc/2.3.3/intel/2023.1.0/bin
PATH: /usr/local/share/netcdf/4.9.2/intel/2023.1.0/bin
PATH: /usr/local/share/libjulian/1.3.3/intel/2023.1.0/bin
PATH: /opt/ohpc/pub/mpi/mvapich2-intel/2.3.7/bin
PATH: /usr/local/opt/intel/oneapi/compiler/2023.1.0/linux/bin/intel64
PATH: /usr/local/opt/intel/oneapi/compiler/2023.1.0/linux/bin
PATH: /usr/local/opt/intel/oneapi/compiler/2023.1.0/linux/lib/oclfpga/bin
PATH: /usr/local/bin
PATH: /usr/bin
PATH: /usr/local/sbin
PATH: /usr/sbin
PATH: /opt/pbs/bin


## ----------- ##
## Core tests. ##
## ----------- ##

configure:1561: checking for a BSD-compatible install
configure:1616: result: /usr/bin/install -c
configure:1627: checking whether build environment is sane
configure:1670: result: yes
configure:1735: checking for gawk
configure:1751: found /usr/bin/gawk
configure:1761: result: gawk
configure:1771: checking whether make sets $(MAKE)
configure:1791: result: yes
configure:1959: checking whether to enable maintainer-specific portions of Makefiles
configure:1968: result: no
configure:2032: checking for gcc
configure:2058: result: mpicc
configure:2302: checking for C compiler version
configure:2305: mpicc --version </dev/null >&5
Intel(R) oneAPI DPC++/C++ Compiler 2023.1.0 (2023.1.0.20230320)
Target: x86_64-unknown-linux-gnu
Thread model: posix
InstalledDir: /usr/local/opt/intel/oneapi/compiler/2023.1.0/linux/bin-llvm
Configuration file: /usr/local/opt/intel/oneapi/compiler/2023.1.0/linux/bin-llvm/../bin/icx.cfg
configure:2308: $? = 0
configure:2310: mpicc -v </dev/null >&5
mpicc for MVAPICH2 version 2.3.7
Intel(R) oneAPI DPC++/C++ Compiler 2023.1.0 (2023.1.0.20230320)
Target: x86_64-unknown-linux-gnu
Thread model: posix
InstalledDir: /usr/local/opt/intel/oneapi/compiler/2023.1.0/linux/bin-llvm
Configuration file: /usr/local/opt/intel/oneapi/compiler/2023.1.0/linux/bin-llvm/../bin/icx.cfg
Found candidate GCC installation: /usr/lib/gcc/x86_64-redhat-linux/8
Selected GCC installation: /usr/lib/gcc/x86_64-redhat-linux/8
Candidate multilib: .;@m64
Candidate multilib: 32;@m32
Selected multilib: .;@m64
icx: warning: argument unused during compilation: '-I /opt/ohpc/pub/mpi/mvapich2-intel/2.3.7/include' [-Wunused-command-line-argument]
icx: warning: argument unused during compilation: '-O3' [-Wunused-command-line-argument]
icx: warning: argument unused during compilation: '-fexceptions' [-Wunused-command-line-argument]
icx: warning: argument unused during compilation: '-fstack-protector-strong' [-Wunused-command-line-argument]
icx: warning: argument unused during compilation: '-grecord-gcc-switches' [-Wunused-command-line-argument]
icx: warning: argument unused during compilation: '-mtune=generic' [-Wunused-command-line-argument]
configure:2313: $? = 0
configure:2315: mpicc -V </dev/null >&5
Intel(R) oneAPI DPC++/C++ Compiler for applications running on Intel(R) 64, Version 2023.1.0 Build 20230320
Copyright (C) 1985-2023 Intel Corporation. All rights reserved.

/usr/lib/gcc/x86_64-redhat-linux/8/../../../../lib64/crt1.o: In function `_start':
(.text+0x24): undefined reference to `main'
icx: error: linker command failed with exit code 1 (use -v to see invocation)
configure:2318: $? = 1
configure:2341: checking for C compiler default output file name
configure:2344: mpicc -O3  -L/usr/local/share/netcdf/4.9.2/intel/2023.1.0/lib64 -lnetcdf -lnetcdff -L/usr/local/share/libjulian/1.3.3/intel/2023.1.0/lib64 -L/usr/local/share/metis/1.1/intel/2023.1.0/lib64 -lmetis conftest.c  >&5
configure:2347: $? = 0
configure:2393: result: a.out
configure:2398: checking whether the C compiler works
configure:2404: ./a.out
configure:2407: $? = 0
configure:2424: result: yes
configure:2431: checking whether we are cross compiling
configure:2433: result: no
configure:2436: checking for suffix of executables
configure:2438: mpicc -o conftest -O3  -L/usr/local/share/netcdf/4.9.2/intel/2023.1.0/lib64 -lnetcdf -lnetcdff -L/usr/local/share/libjulian/1.3.3/intel/2023.1.0/lib64 -L/usr/local/share/metis/1.1/intel/2023.1.0/lib64 -lmetis conftest.c  >&5
configure:2441: $? = 0
configure:2466: result: 
configure:2472: checking for suffix of object files
configure:2493: mpicc -c -O3  conftest.c >&5
configure:2496: $? = 0
configure:2518: result: o
configure:2522: checking whether we are using the GNU C compiler
configure:2546: mpicc -c -O3  conftest.c >&5
configure:2552: $? = 0
configure:2556: test -z 
			 || test ! -s conftest.err
configure:2559: $? = 0
configure:2562: test -s conftest.o
configure:2565: $? = 0
configure:2578: result: yes
configure:2584: checking whether mpicc accepts -g
configure:2605: mpicc -c -g  conftest.c >&5
configure:2611: $? = 0
configure:2615: test -z 
			 || test ! -s conftest.err
configure:2618: $? = 0
configure:2621: test -s conftest.o
configure:2624: $? = 0
configure:2635: result: yes
configure:2652: checking for mpicc option to accept ANSI C
configure:2722: mpicc  -c -O3  conftest.c >&5
conftest.c:18:14: warning: a function definition without a prototype is deprecated in all versions of C and is not supported in C2x [-Wdeprecated-non-prototype]
static char *e (p, i)
             ^
1 warning generated.
configure:2728: $? = 0
configure:2732: test -z 
			 || test ! -s conftest.err
configure:2735: $? = 0
configure:2738: test -s conftest.o
configure:2741: $? = 0
configure:2759: result: none needed
configure:2777: mpicc -c -O3  conftest.c >&5
conftest.c:2:3: error: unknown type name 'choke'
  choke me
  ^
conftest.c:2:11: error: expected ';' after top level declarator
  choke me
          ^
          ;
2 errors generated.
configure:2783: $? = 1
configure: failed program was:
| #ifndef __cplusplus
|   choke me
| #endif
configure:2927: checking for style of include used by make
configure:2955: result: GNU
configure:2983: checking dependency style of mpicc
configure:3073: result: gcc3
configure:3103: checking for a BSD-compatible install
configure:3158: result: /usr/bin/install -c
configure:3169: checking whether ln -s works
configure:3173: result: yes
configure:3180: checking whether make sets $(MAKE)
configure:3200: result: yes
configure:3287: checking build system type
configure:3305: result: x86_64-unknown-linux-gnu
configure:3313: checking host system type
configure:3327: result: x86_64-unknown-linux-gnu
configure:3335: checking for a sed that does not truncate output
configure:3389: result: /usr/bin/sed
configure:3392: checking for egrep
configure:3402: result: grep -E
configure:3418: checking for ld used by mpicc
configure:3485: result: /usr/bin/ld
configure:3494: checking if the linker (/usr/bin/ld) is GNU ld
configure:3509: result: yes
configure:3514: checking for /usr/bin/ld option to reload object files
configure:3521: result: -r
configure:3539: checking for BSD-compatible nm
configure:3588: result: /usr/bin/nm -B
configure:3592: checking how to recognise dependent libraries
configure:3768: result: pass_all
configure:3856: mpicc -c -O3  conftest.c >&5
configure:3859: $? = 0
configure:4005: checking how to run the C preprocessor
configure:4040: mpicc -E  conftest.c
configure:4046: $? = 0
configure:4078: mpicc -E  conftest.c
conftest.c:11:10: fatal error: 'ac_nonexistent.h' file not found
#include <ac_nonexistent.h>
         ^~~~~~~~~~~~~~~~~~
1 error generated.
configure:4084: $? = 1
configure: failed program was:
| /* confdefs.h.  */
| 
| #define PACKAGE_NAME "PROJ.4 Projections"
| #define PACKAGE_TARNAME "proj"
| #define PACKAGE_VERSION "4.5.0"
| #define PACKAGE_STRING "PROJ.4 Projections 4.5.0"
| #define PACKAGE_BUGREPORT "warmerdam@pobox.com"
| #define PACKAGE "proj"
| #define VERSION "4.5.0"
| /* end confdefs.h.  */
| #include <ac_nonexistent.h>
configure:4123: result: mpicc -E
configure:4147: mpicc -E  conftest.c
configure:4153: $? = 0
configure:4185: mpicc -E  conftest.c
conftest.c:11:10: fatal error: 'ac_nonexistent.h' file not found
#include <ac_nonexistent.h>
         ^~~~~~~~~~~~~~~~~~
1 error generated.
configure:4191: $? = 1
configure: failed program was:
| /* confdefs.h.  */
| 
| #define PACKAGE_NAME "PROJ.4 Projections"
| #define PACKAGE_TARNAME "proj"
| #define PACKAGE_VERSION "4.5.0"
| #define PACKAGE_STRING "PROJ.4 Projections 4.5.0"
| #define PACKAGE_BUGREPORT "warmerdam@pobox.com"
| #define PACKAGE "proj"
| #define VERSION "4.5.0"
| /* end confdefs.h.  */
| #include <ac_nonexistent.h>
configure:4235: checking for ANSI C header files
configure:4260: mpicc -c -O3  conftest.c >&5
configure:4266: $? = 0
configure:4270: test -z 
			 || test ! -s conftest.err
configure:4273: $? = 0
configure:4276: test -s conftest.o
configure:4279: $? = 0
configure:4368: mpicc -o conftest -O3  -L/usr/local/share/netcdf/4.9.2/intel/2023.1.0/lib64 -lnetcdf -lnetcdff -L/usr/local/share/libjulian/1.3.3/intel/2023.1.0/lib64 -L/usr/local/share/metis/1.1/intel/2023.1.0/lib64 -lmetis conftest.c  >&5
conftest.c:28:7: error: call to undeclared library function 'exit' with type 'void (int) __attribute__((noreturn))'; ISO C99 and later do not support implicit function declarations [-Wimplicit-function-declaration]
      exit(2);
      ^
conftest.c:28:7: note: include the header <stdlib.h> or explicitly provide a declaration for 'exit'
1 error generated.
configure:4371: $? = 1
configure: program exited with status 1
configure: failed program was:
| /* confdefs.h.  */
| 
| #define PACKAGE_NAME "PROJ.4 Projections"
| #define PACKAGE_TARNAME "proj"
| #define PACKAGE_VERSION "4.5.0"
| #define PACKAGE_STRING "PROJ.4 Projections 4.5.0"
| #define PACKAGE_BUGREPORT "warmerdam@pobox.com"
| #define PACKAGE "proj"
| #define VERSION "4.5.0"
| /* end confdefs.h.  */
| #include <ctype.h>
| #if ((' ' & 0x0FF) == 0x020)
| # define ISLOWER(c) ('a' <= (c) && (c) <= 'z')
| # define TOUPPER(c) (ISLOWER(c) ? 'A' + ((c) - 'a') : (c))
| #else
| # define ISLOWER(c) 		   (('a' <= (c) && (c) <= 'i') 		     || ('j' <= (c) && (c) <= 'r') 		     || ('s' <= (c) && (c) <= 'z'))
| # define TOUPPER(c) (ISLOWER(c) ? ((c) | 0x40) : (c))
| #endif
| 
| #define XOR(e, f) (((e) && !(f)) || (!(e) && (f)))
| int
| main ()
| {
|   int i;
|   for (i = 0; i < 256; i++)
|     if (XOR (islower (i), ISLOWER (i))
| 	|| toupper (i) != TOUPPER (i))
|       exit(2);
|   exit (0);
| }
configure:4391: result: no
configure:4415: checking for sys/types.h
configure:4431: mpicc -c -O3  conftest.c >&5
configure:4437: $? = 0
configure:4441: test -z 
			 || test ! -s conftest.err
configure:4444: $? = 0
configure:4447: test -s conftest.o
configure:4450: $? = 0
configure:4461: result: yes
configure:4415: checking for sys/stat.h
configure:4431: mpicc -c -O3  conftest.c >&5
configure:4437: $? = 0
configure:4441: test -z 
			 || test ! -s conftest.err
configure:4444: $? = 0
configure:4447: test -s conftest.o
configure:4450: $? = 0
configure:4461: result: yes
configure:4415: checking for stdlib.h
configure:4431: mpicc -c -O3  conftest.c >&5
configure:4437: $? = 0
configure:4441: test -z 
			 || test ! -s conftest.err
configure:4444: $? = 0
configure:4447: test -s conftest.o
configure:4450: $? = 0
configure:4461: result: yes
configure:4415: checking for string.h
configure:4431: mpicc -c -O3  conftest.c >&5
configure:4437: $? = 0
configure:4441: test -z 
			 || test ! -s conftest.err
configure:4444: $? = 0
configure:4447: test -s conftest.o
configure:4450: $? = 0
configure:4461: result: yes
configure:4415: checking for memory.h
configure:4431: mpicc -c -O3  conftest.c >&5
configure:4437: $? = 0
configure:4441: test -z 
			 || test ! -s conftest.err
configure:4444: $? = 0
configure:4447: test -s conftest.o
configure:4450: $? = 0
configure:4461: result: yes
configure:4415: checking for strings.h
configure:4431: mpicc -c -O3  conftest.c >&5
configure:4437: $? = 0
configure:4441: test -z 
			 || test ! -s conftest.err
configure:4444: $? = 0
configure:4447: test -s conftest.o
configure:4450: $? = 0
configure:4461: result: yes
configure:4415: checking for inttypes.h
configure:4431: mpicc -c -O3  conftest.c >&5
configure:4437: $? = 0
configure:4441: test -z 
			 || test ! -s conftest.err
configure:4444: $? = 0
configure:4447: test -s conftest.o
configure:4450: $? = 0
configure:4461: result: yes
configure:4415: checking for stdint.h
configure:4431: mpicc -c -O3  conftest.c >&5
configure:4437: $? = 0
configure:4441: test -z 
			 || test ! -s conftest.err
configure:4444: $? = 0
configure:4447: test -s conftest.o
configure:4450: $? = 0
configure:4461: result: yes
configure:4415: checking for unistd.h
configure:4431: mpicc -c -O3  conftest.c >&5
configure:4437: $? = 0
configure:4441: test -z 
			 || test ! -s conftest.err
configure:4444: $? = 0
configure:4447: test -s conftest.o
configure:4450: $? = 0
configure:4461: result: yes
configure:4487: checking dlfcn.h usability
configure:4499: mpicc -c -O3  conftest.c >&5
configure:4505: $? = 0
configure:4509: test -z 
			 || test ! -s conftest.err
configure:4512: $? = 0
configure:4515: test -s conftest.o
configure:4518: $? = 0
configure:4528: result: yes
configure:4532: checking dlfcn.h presence
configure:4542: mpicc -E  conftest.c
configure:4548: $? = 0
configure:4568: result: yes
configure:4603: checking for dlfcn.h
configure:4610: result: yes
configure:4717: checking for C++ compiler version
configure:4720: mpicc --version </dev/null >&5
Intel(R) oneAPI DPC++/C++ Compiler 2023.1.0 (2023.1.0.20230320)
Target: x86_64-unknown-linux-gnu
Thread model: posix
InstalledDir: /usr/local/opt/intel/oneapi/compiler/2023.1.0/linux/bin-llvm
Configuration file: /usr/local/opt/intel/oneapi/compiler/2023.1.0/linux/bin-llvm/../bin/icx.cfg
configure:4723: $? = 0
configure:4725: mpicc -v </dev/null >&5
mpicc for MVAPICH2 version 2.3.7
Intel(R) oneAPI DPC++/C++ Compiler 2023.1.0 (2023.1.0.20230320)
Target: x86_64-unknown-linux-gnu
Thread model: posix
InstalledDir: /usr/local/opt/intel/oneapi/compiler/2023.1.0/linux/bin-llvm
Configuration file: /usr/local/opt/intel/oneapi/compiler/2023.1.0/linux/bin-llvm/../bin/icx.cfg
Found candidate GCC installation: /usr/lib/gcc/x86_64-redhat-linux/8
Selected GCC installation: /usr/lib/gcc/x86_64-redhat-linux/8
Candidate multilib: .;@m64
Candidate multilib: 32;@m32
Selected multilib: .;@m64
icx: warning: argument unused during compilation: '-I /opt/ohpc/pub/mpi/mvapich2-intel/2.3.7/include' [-Wunused-command-line-argument]
icx: warning: argument unused during compilation: '-O3' [-Wunused-command-line-argument]
icx: warning: argument unused during compilation: '-fexceptions' [-Wunused-command-line-argument]
icx: warning: argument unused during compilation: '-fstack-protector-strong' [-Wunused-command-line-argument]
icx: warning: argument unused during compilation: '-grecord-gcc-switches' [-Wunused-command-line-argument]
icx: warning: argument unused during compilation: '-mtune=generic' [-Wunused-command-line-argument]
configure:4728: $? = 0
configure:4730: mpicc -V </dev/null >&5
Intel(R) oneAPI DPC++/C++ Compiler for applications running on Intel(R) 64, Version 2023.1.0 Build 20230320
Copyright (C) 1985-2023 Intel Corporation. All rights reserved.

/usr/lib/gcc/x86_64-redhat-linux/8/../../../../lib64/crt1.o: In function `_start':
(.text+0x24): undefined reference to `main'
icx: error: linker command failed with exit code 1 (use -v to see invocation)
configure:4733: $? = 1
configure:4736: checking whether we are using the GNU C++ compiler
configure:4760: mpicc -c -O3  conftest.cc >&5
configure:4766: $? = 0
configure:4770: test -z 
			 || test ! -s conftest.err
configure:4773: $? = 0
configure:4776: test -s conftest.o
configure:4779: $? = 0
configure:4792: result: yes
configure:4798: checking whether mpicc accepts -g
configure:4819: mpicc -c -g  conftest.cc >&5
configure:4825: $? = 0
configure:4829: test -z 
			 || test ! -s conftest.err
configure:4832: $? = 0
configure:4835: test -s conftest.o
configure:4838: $? = 0
configure:4849: result: yes
configure:4891: mpicc -c -O3  conftest.cc >&5
configure:4897: $? = 0
configure:4901: test -z 
			 || test ! -s conftest.err
configure:4904: $? = 0
configure:4907: test -s conftest.o
configure:4910: $? = 0
configure:4936: mpicc -c -O3  conftest.cc >&5
conftest.cc:25:1: error: use of undeclared identifier 'exit'
exit (42);
^
1 error generated.
configure:4942: $? = 1
configure: failed program was:
| /* confdefs.h.  */
| 
| #define PACKAGE_NAME "PROJ.4 Projections"
| #define PACKAGE_TARNAME "proj"
| #define PACKAGE_VERSION "4.5.0"
| #define PACKAGE_STRING "PROJ.4 Projections 4.5.0"
| #define PACKAGE_BUGREPORT "warmerdam@pobox.com"
| #define PACKAGE "proj"
| #define VERSION "4.5.0"
| #define HAVE_SYS_TYPES_H 1
| #define HAVE_SYS_STAT_H 1
| #define HAVE_STDLIB_H 1
| #define HAVE_STRING_H 1
| #define HAVE_MEMORY_H 1
| #define HAVE_STRINGS_H 1
| #define HAVE_INTTYPES_H 1
| #define HAVE_STDINT_H 1
| #define HAVE_UNISTD_H 1
| #define HAVE_DLFCN_H 1
| /* end confdefs.h.  */
| 
| int
| main ()
| {
| exit (42);
|   ;
|   return 0;
| }
configure:4891: mpicc -c -O3  conftest.cc >&5
conftest.cc:21:17: error: use of undeclared identifier 'std'
extern "C" void std::exit (int) throw (); using std::exit;
                ^
conftest.cc:21:49: error: use of undeclared identifier 'std'
extern "C" void std::exit (int) throw (); using std::exit;
                                                ^
2 errors generated.
configure:4897: $? = 1
configure: failed program was:
| /* confdefs.h.  */
| 
| #define PACKAGE_NAME "PROJ.4 Projections"
| #define PACKAGE_TARNAME "proj"
| #define PACKAGE_VERSION "4.5.0"
| #define PACKAGE_STRING "PROJ.4 Projections 4.5.0"
| #define PACKAGE_BUGREPORT "warmerdam@pobox.com"
| #define PACKAGE "proj"
| #define VERSION "4.5.0"
| #define HAVE_SYS_TYPES_H 1
| #define HAVE_SYS_STAT_H 1
| #define HAVE_STDLIB_H 1
| #define HAVE_STRING_H 1
| #define HAVE_MEMORY_H 1
| #define HAVE_STRINGS_H 1
| #define HAVE_INTTYPES_H 1
| #define HAVE_STDINT_H 1
| #define HAVE_UNISTD_H 1
| #define HAVE_DLFCN_H 1
| /* end confdefs.h.  */
| extern "C" void std::exit (int) throw (); using std::exit;
| #include <stdlib.h>
| int
| main ()
| {
| exit (42);
|   ;
|   return 0;
| }
configure:4891: mpicc -c -O3  conftest.cc >&5
conftest.cc:21:17: error: use of undeclared identifier 'std'
extern "C" void std::exit (int); using std::exit;
                ^
conftest.cc:21:40: error: use of undeclared identifier 'std'
extern "C" void std::exit (int); using std::exit;
                                       ^
2 errors generated.
configure:4897: $? = 1
configure: failed program was:
| /* confdefs.h.  */
| 
| #define PACKAGE_NAME "PROJ.4 Projections"
| #define PACKAGE_TARNAME "proj"
| #define PACKAGE_VERSION "4.5.0"
| #define PACKAGE_STRING "PROJ.4 Projections 4.5.0"
| #define PACKAGE_BUGREPORT "warmerdam@pobox.com"
| #define PACKAGE "proj"
| #define VERSION "4.5.0"
| #define HAVE_SYS_TYPES_H 1
| #define HAVE_SYS_STAT_H 1
| #define HAVE_STDLIB_H 1
| #define HAVE_STRING_H 1
| #define HAVE_MEMORY_H 1
| #define HAVE_STRINGS_H 1
| #define HAVE_INTTYPES_H 1
| #define HAVE_STDINT_H 1
| #define HAVE_UNISTD_H 1
| #define HAVE_DLFCN_H 1
| /* end confdefs.h.  */
| extern "C" void std::exit (int); using std::exit;
| #include <stdlib.h>
| int
| main ()
| {
| exit (42);
|   ;
|   return 0;
| }
configure:4891: mpicc -c -O3  conftest.cc >&5
configure:4897: $? = 0
configure:4901: test -z 
			 || test ! -s conftest.err
configure:4904: $? = 0
configure:4907: test -s conftest.o
configure:4910: $? = 0
configure:4936: mpicc -c -O3  conftest.cc >&5
configure:4942: $? = 0
configure:4946: test -z 
			 || test ! -s conftest.err
configure:4949: $? = 0
configure:4952: test -s conftest.o
configure:4955: $? = 0
configure:4980: checking dependency style of mpicc
configure:5070: result: gcc3
configure:5097: checking how to run the C++ preprocessor
configure:5128: mpicc -E  conftest.cc
configure:5134: $? = 0
configure:5166: mpicc -E  conftest.cc
conftest.cc:24:10: fatal error: 'ac_nonexistent.h' file not found
#include <ac_nonexistent.h>
         ^~~~~~~~~~~~~~~~~~
1 error generated.
configure:5172: $? = 1
configure: failed program was:
| /* confdefs.h.  */
| 
| #define PACKAGE_NAME "PROJ.4 Projections"
| #define PACKAGE_TARNAME "proj"
| #define PACKAGE_VERSION "4.5.0"
| #define PACKAGE_STRING "PROJ.4 Projections 4.5.0"
| #define PACKAGE_BUGREPORT "warmerdam@pobox.com"
| #define PACKAGE "proj"
| #define VERSION "4.5.0"
| #define HAVE_SYS_TYPES_H 1
| #define HAVE_SYS_STAT_H 1
| #define HAVE_STDLIB_H 1
| #define HAVE_STRING_H 1
| #define HAVE_MEMORY_H 1
| #define HAVE_STRINGS_H 1
| #define HAVE_INTTYPES_H 1
| #define HAVE_STDINT_H 1
| #define HAVE_UNISTD_H 1
| #define HAVE_DLFCN_H 1
| #ifdef __cplusplus
| extern "C" void exit (int) throw ();
| #endif
| /* end confdefs.h.  */
| #include <ac_nonexistent.h>
configure:5211: result: mpicc -E
configure:5235: mpicc -E  conftest.cc
configure:5241: $? = 0
configure:5273: mpicc -E  conftest.cc
conftest.cc:24:10: fatal error: 'ac_nonexistent.h' file not found
#include <ac_nonexistent.h>
         ^~~~~~~~~~~~~~~~~~
1 error generated.
configure:5279: $? = 1
configure: failed program was:
| /* confdefs.h.  */
| 
| #define PACKAGE_NAME "PROJ.4 Projections"
| #define PACKAGE_TARNAME "proj"
| #define PACKAGE_VERSION "4.5.0"
| #define PACKAGE_STRING "PROJ.4 Projections 4.5.0"
| #define PACKAGE_BUGREPORT "warmerdam@pobox.com"
| #define PACKAGE "proj"
| #define VERSION "4.5.0"
| #define HAVE_SYS_TYPES_H 1
| #define HAVE_SYS_STAT_H 1
| #define HAVE_STDLIB_H 1
| #define HAVE_STRING_H 1
| #define HAVE_MEMORY_H 1
| #define HAVE_STRINGS_H 1
| #define HAVE_INTTYPES_H 1
| #define HAVE_STDINT_H 1
| #define HAVE_UNISTD_H 1
| #define HAVE_DLFCN_H 1
| #ifdef __cplusplus
| extern "C" void exit (int) throw ();
| #endif
| /* end confdefs.h.  */
| #include <ac_nonexistent.h>
configure:5417: checking for Fortran 77 compiler version
configure:5420: mpif90 --version </dev/null >&5
ifx (IFX) 2023.1.0 20230320
Copyright (C) 1985-2023 Intel Corporation. All rights reserved.

configure:5423: $? = 0
configure:5425: mpif90 -v </dev/null >&5
mpifort for MVAPICH2 version 2.3.7
ifx version 2023.1.0
configure:5428: $? = 0
configure:5430: mpif90 -V </dev/null >&5
Intel(R) Fortran Compiler for applications running on Intel(R) 64, Version 2023.1.0 Build 20230320
Copyright (C) 1985-2023 Intel Corporation. All rights reserved.

GNU ld version 2.30-119.el8
/usr/local/opt/intel/oneapi/compiler/2023.1.0/linux/compiler/lib/intel64_lin/for_main.o: In function `main':
for_main.c:(.text+0x19): undefined reference to `MAIN__'
configure:5433: $? = 1
configure:5441: checking whether we are using the GNU Fortran 77 compiler
configure:5455: mpif90 -c -O3 conftest.F >&5
conftest.F(3): error #5082: Syntax error, found END-OF-STATEMENT when expecting one of: ( : % [ . = =>
       choke me
---------------^
conftest.F(3): error #6218: This statement is positioned incorrectly and/or has syntax errors.
       choke me
-------^
compilation aborted for conftest.F (code 1)
configure:5461: $? = 1
configure: failed program was:
|       program main
| #ifndef __GNUC__
|        choke me
| #endif
| 
|       end
configure:5487: result: no
configure:5493: checking whether mpif90 accepts -g
configure:5505: mpif90 -c -g conftest.f >&5
configure:5511: $? = 0
configure:5515: test -z 
			 || test ! -s conftest.err
configure:5518: $? = 0
configure:5521: test -s conftest.o
configure:5524: $? = 0
configure:5536: result: yes
configure:5566: checking the maximum length of command line arguments
configure:5675: result: 32768
configure:5686: checking command to parse /usr/bin/nm -B output from mpicc object
configure:5791: mpicc -c -O3  conftest.c >&5
configure:5794: $? = 0
configure:5798: /usr/bin/nm -B conftest.o \| sed -n -e 's/^.*[ 	]\([ABCDGIRSTW][ABCDGIRSTW]*\)[ 	][ 	]*\([_A-Za-z][_A-Za-z0-9]*\)$/\1 \2 \2/p' \> conftest.nm
configure:5801: $? = 0
configure:5853: mpicc -o conftest -O3  -L/usr/local/share/netcdf/4.9.2/intel/2023.1.0/lib64 -lnetcdf -lnetcdff -L/usr/local/share/libjulian/1.3.3/intel/2023.1.0/lib64 -L/usr/local/share/metis/1.1/intel/2023.1.0/lib64 -lmetis conftest.c conftstm.o >&5
configure:5856: $? = 0
configure:5894: result: ok
configure:5898: checking for objdir
configure:5913: result: .libs
configure:6003: checking for ar
configure:6019: found /usr/bin/ar
configure:6030: result: ar
configure:6083: checking for ranlib
configure:6099: found /usr/bin/ranlib
configure:6110: result: ranlib
configure:6163: checking for strip
configure:6179: found /usr/bin/strip
configure:6190: result: strip
configure:6462: checking if mpicc supports -fno-rtti -fno-exceptions
configure:6480: mpicc -c -O3  -fno-rtti -fno-exceptions conftest.c >&5
configure:6484: $? = 0
configure:6497: result: yes
configure:6512: checking for mpicc option to produce PIC
configure:6722: result: -fPIC
configure:6730: checking if mpicc PIC flag -fPIC works
configure:6748: mpicc -c -O3  -fPIC -DPIC conftest.c >&5
configure:6752: $? = 0
configure:6765: result: yes
configure:6793: checking if mpicc static flag -static works
configure:6821: result: no
configure:6831: checking if mpicc supports -c -o file.o
configure:6852: mpicc -c -O3  -o out/conftest2.o conftest.c >&5
configure:6856: $? = 0
configure:6878: result: yes
configure:6904: checking whether the mpicc linker (/usr/bin/ld -m elf_x86_64) supports shared libraries
configure:7862: result: yes
configure:7883: checking whether -lc should be explicitly linked in
configure:7888: mpicc -c -O3  conftest.c >&5
configure:7891: $? = 0
configure:7906: mpicc -shared conftest.o  -v -Wl,-soname -Wl,conftest -o conftest 2\>\&1 \| grep  -lc  \>/dev/null 2\>\&1
configure:7909: $? = 0
configure:7921: result: no
configure:7929: checking dynamic linker characteristics
configure:8517: result: GNU/Linux ld.so
configure:8526: checking how to hardcode library paths into programs
configure:8551: result: immediate
configure:8565: checking whether stripping libraries is possible
configure:8570: result: yes
configure:9404: checking if libtool supports shared libraries
configure:9406: result: yes
configure:9409: checking whether to build shared libraries
configure:9430: result: yes
configure:9433: checking whether to build static libraries
configure:9437: result: yes
configure:9529: creating libtool
configure:10117: checking for ld used by mpicc
configure:10184: result: /usr/bin/ld -m elf_x86_64
configure:10193: checking if the linker (/usr/bin/ld -m elf_x86_64) is GNU ld
configure:10208: result: yes
configure:10259: checking whether the mpicc linker (/usr/bin/ld -m elf_x86_64) supports shared libraries
configure:11197: result: yes
configure:11215: mpicc -c -O3  conftest.cpp >&5
configure:11218: $? = 0
configure:11337: checking for mpicc option to produce PIC
configure:11611: result: -fPIC
configure:11619: checking if mpicc PIC flag -fPIC works
configure:11637: mpicc -c -O3  -fPIC -DPIC conftest.cpp >&5
configure:11641: $? = 0
configure:11654: result: yes
configure:11682: checking if mpicc static flag -static works
configure:11710: result: no
configure:11720: checking if mpicc supports -c -o file.o
configure:11741: mpicc -c -O3  -o out/conftest2.o conftest.cpp >&5
configure:11745: $? = 0
configure:11767: result: yes
configure:11793: checking whether the mpicc linker (/usr/bin/ld -m elf_x86_64) supports shared libraries
configure:11818: result: yes
configure:11885: checking dynamic linker characteristics
configure:12473: result: GNU/Linux ld.so
configure:12482: checking how to hardcode library paths into programs
configure:12507: result: immediate
configure:13033: checking if libtool supports shared libraries
configure:13035: result: yes
configure:13038: checking whether to build shared libraries
configure:13058: result: yes
configure:13061: checking whether to build static libraries
configure:13065: result: yes
configure:13075: checking for mpif90 option to produce PIC
configure:13285: result: -fPIC
configure:13293: checking if mpif90 PIC flag -fPIC works
configure:13311: mpif90 -c -O3 -fPIC conftest.f >&5
configure:13315: $? = 0
configure:13328: result: yes
configure:13356: checking if mpif90 static flag -static works
configure:13384: result: no
configure:13394: checking if mpif90 supports -c -o file.o
configure:13415: mpif90 -c -O3 -o out/conftest2.o conftest.f >&5
configure:13419: $? = 0
configure:13441: result: yes
configure:13467: checking whether the mpif90 linker (/usr/bin/ld -m elf_x86_64) supports shared libraries
configure:14405: result: yes
configure:14472: checking dynamic linker characteristics
configure:15060: result: GNU/Linux ld.so
configure:15069: checking how to hardcode library paths into programs
configure:15094: result: immediate
configure:18659: checking for exp in -lm
configure:18689: mpicc -o conftest -O3  -L/usr/local/share/netcdf/4.9.2/intel/2023.1.0/lib64 -lnetcdf -lnetcdff -L/usr/local/share/libjulian/1.3.3/intel/2023.1.0/lib64 -L/usr/local/share/metis/1.1/intel/2023.1.0/lib64 -lmetis conftest.c -lm   >&5
conftest.c:31:6: warning: incompatible redeclaration of library function 'exp' [-Wincompatible-library-redeclaration]
char exp ();
     ^
conftest.c:31:6: note: 'exp' is a builtin with type 'double (double)'
1 warning generated.
configure:18695: $? = 0
configure:18699: test -z 
			 || test ! -s conftest.err
configure:18702: $? = 0
configure:18705: test -s conftest
configure:18708: $? = 0
configure:18721: result: yes
configure:18733: checking for ANSI C header files
configure:18889: result: no
configure:18962: checking jni.h usability
configure:18974: mpicc -c -O3  conftest.c >&5
conftest.c:59:10: fatal error: 'jni.h' file not found
#include <jni.h>
         ^~~~~~~
1 error generated.
configure:18980: $? = 1
configure: failed program was:
| /* confdefs.h.  */
| 
| #define PACKAGE_NAME "PROJ.4 Projections"
| #define PACKAGE_TARNAME "proj"
| #define PACKAGE_VERSION "4.5.0"
| #define PACKAGE_STRING "PROJ.4 Projections 4.5.0"
| #define PACKAGE_BUGREPORT "warmerdam@pobox.com"
| #define PACKAGE "proj"
| #define VERSION "4.5.0"
| #define HAVE_SYS_TYPES_H 1
| #define HAVE_SYS_STAT_H 1
| #define HAVE_STDLIB_H 1
| #define HAVE_STRING_H 1
| #define HAVE_MEMORY_H 1
| #define HAVE_STRINGS_H 1
| #define HAVE_INTTYPES_H 1
| #define HAVE_STDINT_H 1
| #define HAVE_UNISTD_H 1
| #define HAVE_DLFCN_H 1
| #ifdef __cplusplus
| extern "C" void exit (int) throw ();
| #endif
| #define HAVE_LIBM 1
| /* end confdefs.h.  */
| #include <stdio.h>
| #if HAVE_SYS_TYPES_H
| # include <sys/types.h>
| #endif
| #if HAVE_SYS_STAT_H
| # include <sys/stat.h>
| #endif
| #if STDC_HEADERS
| # include <stdlib.h>
| # include <stddef.h>
| #else
| # if HAVE_STDLIB_H
| #  include <stdlib.h>
| # endif
| #endif
| #if HAVE_STRING_H
| # if !STDC_HEADERS && HAVE_MEMORY_H
| #  include <memory.h>
| # endif
| # include <string.h>
| #endif
| #if HAVE_STRINGS_H
| # include <strings.h>
| #endif
| #if HAVE_INTTYPES_H
| # include <inttypes.h>
| #else
| # if HAVE_STDINT_H
| #  include <stdint.h>
| # endif
| #endif
| #if HAVE_UNISTD_H
| # include <unistd.h>
| #endif
| #include <jni.h>
configure:19003: result: no
configure:19007: checking jni.h presence
configure:19017: mpicc -E  conftest.c
conftest.c:25:10: fatal error: 'jni.h' file not found
#include <jni.h>
         ^~~~~~~
1 error generated.
configure:19023: $? = 1
configure: failed program was:
| /* confdefs.h.  */
| 
| #define PACKAGE_NAME "PROJ.4 Projections"
| #define PACKAGE_TARNAME "proj"
| #define PACKAGE_VERSION "4.5.0"
| #define PACKAGE_STRING "PROJ.4 Projections 4.5.0"
| #define PACKAGE_BUGREPORT "warmerdam@pobox.com"
| #define PACKAGE "proj"
| #define VERSION "4.5.0"
| #define HAVE_SYS_TYPES_H 1
| #define HAVE_SYS_STAT_H 1
| #define HAVE_STDLIB_H 1
| #define HAVE_STRING_H 1
| #define HAVE_MEMORY_H 1
| #define HAVE_STRINGS_H 1
| #define HAVE_INTTYPES_H 1
| #define HAVE_STDINT_H 1
| #define HAVE_UNISTD_H 1
| #define HAVE_DLFCN_H 1
| #ifdef __cplusplus
| extern "C" void exit (int) throw ();
| #endif
| #define HAVE_LIBM 1
| /* end confdefs.h.  */
| #include <jni.h>
configure:19043: result: no
configure:19078: checking for jni.h
configure:19085: result: no
configure:19099: checking whether to enable Java/JNI support
configure:19103: result: disabled
configure:19253: creating ./config.status

## ---------------------- ##
## Running config.status. ##
## ---------------------- ##

This file was extended by PROJ.4 Projections config.status 4.5.0, which was
generated by GNU Autoconf 2.59.  Invocation command line was

  CONFIG_FILES    = 
  CONFIG_HEADERS  = 
  CONFIG_LINKS    = 
  CONFIG_COMMANDS = 
  $ ./config.status 

on vm-hydra-smast.umdar.umassd.edu

config.status:726: creating Makefile
config.status:726: creating src/Makefile
config.status:726: creating man/Makefile
config.status:726: creating man/man1/Makefile
config.status:726: creating man/man3/Makefile
config.status:726: creating nad/Makefile
config.status:726: creating jniwrap/Makefile
config.status:726: creating jniwrap/org/Makefile
config.status:726: creating jniwrap/org/proj4/Makefile
config.status:830: creating src/proj_config.h
config.status:1118: executing depfiles commands

## ---------------- ##
## Cache variables. ##
## ---------------- ##

ac_cv_build=x86_64-unknown-linux-gnu
ac_cv_build_alias=x86_64-unknown-linux-gnu
ac_cv_c_compiler_gnu=yes
ac_cv_cxx_compiler_gnu=yes
ac_cv_env_CC_set=set
ac_cv_env_CC_value=mpicc
ac_cv_env_CFLAGS_set=set
ac_cv_env_CFLAGS_value=-O3
ac_cv_env_CPPFLAGS_set=
ac_cv_env_CPPFLAGS_value=
ac_cv_env_CPP_set=
ac_cv_env_CPP_value=
ac_cv_env_CXXCPP_set=
ac_cv_env_CXXCPP_value=
ac_cv_env_CXXFLAGS_set=set
ac_cv_env_CXXFLAGS_value=-O3
ac_cv_env_CXX_set=set
ac_cv_env_CXX_value=mpicc
ac_cv_env_F77_set=set
ac_cv_env_F77_value=mpif90
ac_cv_env_FFLAGS_set=set
ac_cv_env_FFLAGS_value=-O3
ac_cv_env_LDFLAGS_set=set
ac_cv_env_LDFLAGS_value='-L/usr/local/share/netcdf/4.9.2/intel/2023.1.0/lib64 -lnetcdf -lnetcdff -L/usr/local/share/libjulian/1.3.3/intel/2023.1.0/lib64 -L/usr/local/share/metis/1.1/intel/2023.1.0/lib64 -lmetis'
ac_cv_env_build_alias_set=
ac_cv_env_build_alias_value=
ac_cv_env_host_alias_set=
ac_cv_env_host_alias_value=
ac_cv_env_target_alias_set=
ac_cv_env_target_alias_value=
ac_cv_exeext=
ac_cv_f77_compiler_gnu=no
ac_cv_header_dlfcn_h=yes
ac_cv_header_inttypes_h=yes
ac_cv_header_jni_h=no
ac_cv_header_memory_h=yes
ac_cv_header_stdc=no
ac_cv_header_stdint_h=yes
ac_cv_header_stdlib_h=yes
ac_cv_header_string_h=yes
ac_cv_header_strings_h=yes
ac_cv_header_sys_stat_h=yes
ac_cv_header_sys_types_h=yes
ac_cv_header_unistd_h=yes
ac_cv_host=x86_64-unknown-linux-gnu
ac_cv_host_alias=x86_64-unknown-linux-gnu
ac_cv_lib_m_exp=yes
ac_cv_objext=o
ac_cv_path_install='/usr/bin/install -c'
ac_cv_prog_AWK=gawk
ac_cv_prog_CPP='mpicc -E'
ac_cv_prog_CXXCPP='mpicc -E'
ac_cv_prog_ac_ct_AR=ar
ac_cv_prog_ac_ct_CC=mpicc
ac_cv_prog_ac_ct_RANLIB=ranlib
ac_cv_prog_ac_ct_STRIP=strip
ac_cv_prog_cc_g=yes
ac_cv_prog_cc_stdc=
ac_cv_prog_cxx_g=yes
ac_cv_prog_egrep='grep -E'
ac_cv_prog_f77_g=yes
ac_cv_prog_make_make_set=yes
am_cv_CC_dependencies_compiler_type=gcc3
am_cv_CXX_dependencies_compiler_type=gcc3
lt_cv_deplibs_check_method=pass_all
lt_cv_file_magic_cmd='$MAGIC_CMD'
lt_cv_file_magic_test_file=
lt_cv_ld_reload_flag=-r
lt_cv_objdir=.libs
lt_cv_path_LD=/usr/bin/ld
lt_cv_path_LDCXX='/usr/bin/ld -m elf_x86_64'
lt_cv_path_NM='/usr/bin/nm -B'
lt_cv_path_SED=/usr/bin/sed
lt_cv_prog_compiler_c_o=yes
lt_cv_prog_compiler_c_o_CXX=yes
lt_cv_prog_compiler_c_o_F77=yes
lt_cv_prog_compiler_rtti_exceptions=yes
lt_cv_prog_gnu_ld=yes
lt_cv_prog_gnu_ldcxx=yes
lt_cv_sys_global_symbol_pipe='sed -n -e '\''s/^.*[ 	]\([ABCDGIRSTW][ABCDGIRSTW]*\)[ 	][ 	]*\([_A-Za-z][_A-Za-z0-9]*\)$/\1 \2 \2/p'\'''
lt_cv_sys_global_symbol_to_c_name_address='sed -n -e '\''s/^: \([^ ]*\) $/  {\"\1\", (lt_ptr) 0},/p'\'' -e '\''s/^[BCDEGRST] \([^ ]*\) \([^ ]*\)$/  {"\2", (lt_ptr) \&\2},/p'\'''
lt_cv_sys_global_symbol_to_cdecl='sed -n -e '\''s/^. .* \(.*\)$/extern int \1;/p'\'''
lt_cv_sys_max_cmd_len=32768
lt_lt_cv_prog_compiler_c_o='"yes"'
lt_lt_cv_prog_compiler_c_o_CXX='"yes"'
lt_lt_cv_prog_compiler_c_o_F77='"yes"'
lt_lt_cv_sys_global_symbol_pipe='"sed -n -e '\''s/^.*[ 	]\\([ABCDGIRSTW][ABCDGIRSTW]*\\)[ 	][ 	]*\\([_A-Za-z][_A-Za-z0-9]*\\)\$/\\1 \\2 \\2/p'\''"'
lt_lt_cv_sys_global_symbol_to_c_name_address='"sed -n -e '\''s/^: \\([^ ]*\\) \$/  {\\\"\\1\\\", (lt_ptr) 0},/p'\'' -e '\''s/^[BCDEGRST] \\([^ ]*\\) \\([^ ]*\\)\$/  {\"\\2\", (lt_ptr) \\&\\2},/p'\''"'
lt_lt_cv_sys_global_symbol_to_cdecl='"sed -n -e '\''s/^. .* \\(.*\\)\$/extern int \\1;/p'\''"'

## ----------------- ##
## Output variables. ##
## ----------------- ##

ACLOCAL='${SHELL} /home/user/lwang1/work4/NECOFS_v1/code/FVCOM_source444_beta_newhydra/libs/proj/missing --run aclocal-1.9'
AMDEPBACKSLASH='\'
AMDEP_FALSE='#'
AMDEP_TRUE=''
AMTAR='${SHELL} /home/user/lwang1/work4/NECOFS_v1/code/FVCOM_source444_beta_newhydra/libs/proj/missing --run tar'
AR='ar'
AUTOCONF='${SHELL} /home/user/lwang1/work4/NECOFS_v1/code/FVCOM_source444_beta_newhydra/libs/proj/missing --run autoconf'
AUTOHEADER='${SHELL} /home/user/lwang1/work4/NECOFS_v1/code/FVCOM_source444_beta_newhydra/libs/proj/missing --run autoheader'
AUTOMAKE='${SHELL} /home/user/lwang1/work4/NECOFS_v1/code/FVCOM_source444_beta_newhydra/libs/proj/missing --run automake-1.9'
AWK='gawk'
CC='mpicc'
CCDEPMODE='depmode=gcc3'
CFLAGS='-O3'
CPP='mpicc -E'
CPPFLAGS=''
CXX='mpicc'
CXXCPP='mpicc -E'
CXXDEPMODE='depmode=gcc3'
CXXFLAGS='-O3'
CYGPATH_W='echo'
DEFS='-DHAVE_CONFIG_H'
DEPDIR='.deps'
ECHO='echo'
ECHO_C=''
ECHO_N='-n'
ECHO_T=''
EGREP='grep -E'
EXEEXT=''
F77='mpif90'
FFLAGS='-O3'
INSTALL_DATA='${INSTALL} -m 644'
INSTALL_PROGRAM='${INSTALL}'
INSTALL_SCRIPT='${INSTALL}'
INSTALL_STRIP_PROGRAM='${SHELL} $(install_sh) -c -s'
JNI_INCLUDE=''
LDFLAGS='-L/usr/local/share/netcdf/4.9.2/intel/2023.1.0/lib64 -lnetcdf -lnetcdff -L/usr/local/share/libjulian/1.3.3/intel/2023.1.0/lib64 -L/usr/local/share/metis/1.1/intel/2023.1.0/lib64 -lmetis'
LIBOBJS=''
LIBS='-lm '
LIBTOOL='$(SHELL) $(top_builddir)/libtool'
LN_S='ln -s'
LTLIBOBJS=''
MAINT='#'
MAINTAINER_MODE_FALSE=''
MAINTAINER_MODE_TRUE='#'
MAKEINFO='${SHELL} /home/user/lwang1/work4/NECOFS_v1/code/FVCOM_source444_beta_newhydra/libs/proj/missing --run makeinfo'
OBJEXT='o'
PACKAGE='proj'
PACKAGE_BUGREPORT='warmerdam@pobox.com'
PACKAGE_NAME='PROJ.4 Projections'
PACKAGE_STRING='PROJ.4 Projections 4.5.0'
PACKAGE_TARNAME='proj'
PACKAGE_VERSION='4.5.0'
PATH_SEPARATOR=':'
RANLIB='ranlib'
SET_MAKE=''
SHELL='/bin/sh'
STRIP='strip'
VERSION='4.5.0'
ac_ct_AR='ar'
ac_ct_CC='mpicc'
ac_ct_CXX=''
ac_ct_F77=''
ac_ct_RANLIB='ranlib'
ac_ct_STRIP='strip'
am__fastdepCC_FALSE='#'
am__fastdepCC_TRUE=''
am__fastdepCXX_FALSE='#'
am__fastdepCXX_TRUE=''
am__include='include'
am__leading_dot='.'
am__quote=''
am__tar='${AMTAR} chof - "$$tardir"'
am__untar='${AMTAR} xf -'
bindir='${exec_prefix}/bin'
build='x86_64-unknown-linux-gnu'
build_alias=''
build_cpu='x86_64'
build_os='linux-gnu'
build_vendor='unknown'
datadir='${prefix}/share'
exec_prefix='${prefix}'
host='x86_64-unknown-linux-gnu'
host_alias=''
host_cpu='x86_64'
host_os='linux-gnu'
host_vendor='unknown'
includedir='${prefix}/include'
infodir='${prefix}/info'
install_sh='/home/user/lwang1/work4/NECOFS_v1/code/FVCOM_source444_beta_newhydra/libs/proj/install-sh'
libdir='${exec_prefix}/lib'
libexecdir='${exec_prefix}/libexec'
localstatedir='${prefix}/var'
mandir='${prefix}/man'
mkdir_p='mkdir -p --'
oldincludedir='/usr/include'
prefix='/libs/install'
program_transform_name='s,x,x,'
sbindir='${exec_prefix}/sbin'
sharedstatedir='${prefix}/com'
sysconfdir='${prefix}/etc'
target_alias=''

## ----------- ##
## confdefs.h. ##
## ----------- ##

#define HAVE_DLFCN_H 1
#define HAVE_INTTYPES_H 1
#define HAVE_LIBM 1
#define HAVE_MEMORY_H 1
#define HAVE_STDINT_H 1
#define HAVE_STDLIB_H 1
#define HAVE_STRINGS_H 1
#define HAVE_STRING_H 1
#define HAVE_SYS_STAT_H 1
#define HAVE_SYS_TYPES_H 1
#define HAVE_UNISTD_H 1
#define PACKAGE "proj"
#define PACKAGE_BUGREPORT "warmerdam@pobox.com"
#define PACKAGE_NAME "PROJ.4 Projections"
#define PACKAGE_STRING "PROJ.4 Projections 4.5.0"
#define PACKAGE_TARNAME "proj"
#define PACKAGE_VERSION "4.5.0"
#define VERSION "4.5.0"
#endif
#ifdef __cplusplus
extern "C" void exit (int) throw ();

configure: exit 0
